{"/Users/lucasschnee/Desktop/Group7SoftwareProject/client/src/About.js": {"path":"/Users/lucasschnee/Desktop/Group7SoftwareProject/client/src/About.js","statementMap":{"0":{"start":{"line":6,"column":2},"end":{"line":31,"column":4}}},"fnMap":{"0":{"name":"About","decl":{"start":{"line":5,"column":9},"end":{"line":5,"column":14}},"loc":{"start":{"line":5,"column":17},"end":{"line":32,"column":1}},"line":5}},"branchMap":{},"s":{"0":1},"f":{"0":1},"b":{},"_coverageSchema":"1a1c01bbd47fc00a2c39e90264f33305004495a9","hash":"445393c5e58a366601f001e3b81411e0453abfc4"}
,"/Users/lucasschnee/Desktop/Group7SoftwareProject/client/src/App.js": {"path":"/Users/lucasschnee/Desktop/Group7SoftwareProject/client/src/App.js","statementMap":{"0":{"start":{"line":22,"column":23},"end":{"line":40,"column":1}},"1":{"start":{"line":44,"column":12},"end":{"line":44,"column":41}},"2":{"start":{"line":45,"column":20},"end":{"line":45,"column":32}},"3":{"start":{"line":46,"column":18},"end":{"line":46,"column":35}},"4":{"start":{"line":50,"column":2},"end":{"line":96,"column":4}}},"fnMap":{"0":{"name":"App","decl":{"start":{"line":48,"column":9},"end":{"line":48,"column":12}},"loc":{"start":{"line":48,"column":15},"end":{"line":97,"column":3}},"line":48}},"branchMap":{},"s":{"0":2,"1":2,"2":2,"3":2,"4":2},"f":{"0":2},"b":{},"_coverageSchema":"1a1c01bbd47fc00a2c39e90264f33305004495a9","hash":"7368bd75effa87e3f83b7b7f9a77ccacd624febe"}
,"/Users/lucasschnee/Desktop/Group7SoftwareProject/client/src/Discussion.js": {"path":"/Users/lucasschnee/Desktop/Group7SoftwareProject/client/src/Discussion.js","statementMap":{"0":{"start":{"line":8,"column":44},"end":{"line":8,"column":56}},"1":{"start":{"line":9,"column":34},"end":{"line":9,"column":46}},"2":{"start":{"line":10,"column":38},"end":{"line":10,"column":50}},"3":{"start":{"line":13,"column":25},"end":{"line":13,"column":54}},"4":{"start":{"line":16,"column":18},"end":{"line":26,"column":3}},"5":{"start":{"line":17,"column":4},"end":{"line":22,"column":7}},"6":{"start":{"line":23,"column":4},"end":{"line":23,"column":20}},"7":{"start":{"line":24,"column":4},"end":{"line":24,"column":22}},"8":{"start":{"line":25,"column":4},"end":{"line":25,"column":17}},"9":{"start":{"line":29,"column":21},"end":{"line":33,"column":3}},"10":{"start":{"line":30,"column":20},"end":{"line":30,"column":46}},"11":{"start":{"line":31,"column":4},"end":{"line":31,"column":29}},"12":{"start":{"line":32,"column":4},"end":{"line":32,"column":17}},"13":{"start":{"line":36,"column":21},"end":{"line":44,"column":3}},"14":{"start":{"line":37,"column":21},"end":{"line":37,"column":50}},"15":{"start":{"line":38,"column":18},"end":{"line":42,"column":7}},"16":{"start":{"line":38,"column":44},"end":{"line":42,"column":5}},"17":{"start":{"line":43,"column":4},"end":{"line":43,"column":70}},"18":{"start":{"line":43,"column":42},"end":{"line":43,"column":67}},"19":{"start":{"line":47,"column":21},"end":{"line":52,"column":3}},"20":{"start":{"line":48,"column":4},"end":{"line":51,"column":7}},"21":{"start":{"line":55,"column":2},"end":{"line":57,"column":9}},"22":{"start":{"line":56,"column":4},"end":{"line":56,"column":17}},"23":{"start":{"line":59,"column":2},"end":{"line":96,"column":4}},"24":{"start":{"line":69,"column":29},"end":{"line":69,"column":56}},"25":{"start":{"line":75,"column":29},"end":{"line":75,"column":58}},"26":{"start":{"line":83,"column":12},"end":{"line":90,"column":18}},"27":{"start":{"line":89,"column":65},"end":{"line":89,"column":92}}},"fnMap":{"0":{"name":"Discussion","decl":{"start":{"line":7,"column":9},"end":{"line":7,"column":19}},"loc":{"start":{"line":7,"column":22},"end":{"line":97,"column":1}},"line":7},"1":{"name":"(anonymous_1)","decl":{"start":{"line":16,"column":18},"end":{"line":16,"column":19}},"loc":{"start":{"line":16,"column":30},"end":{"line":26,"column":3}},"line":16},"2":{"name":"(anonymous_2)","decl":{"start":{"line":29,"column":21},"end":{"line":29,"column":22}},"loc":{"start":{"line":29,"column":35},"end":{"line":33,"column":3}},"line":29},"3":{"name":"(anonymous_3)","decl":{"start":{"line":36,"column":21},"end":{"line":36,"column":22}},"loc":{"start":{"line":36,"column":33},"end":{"line":44,"column":3}},"line":36},"4":{"name":"(anonymous_4)","decl":{"start":{"line":38,"column":36},"end":{"line":38,"column":37}},"loc":{"start":{"line":38,"column":44},"end":{"line":42,"column":5}},"line":38},"5":{"name":"(anonymous_5)","decl":{"start":{"line":43,"column":32},"end":{"line":43,"column":33}},"loc":{"start":{"line":43,"column":42},"end":{"line":43,"column":67}},"line":43},"6":{"name":"(anonymous_6)","decl":{"start":{"line":47,"column":21},"end":{"line":47,"column":22}},"loc":{"start":{"line":47,"column":31},"end":{"line":52,"column":3}},"line":47},"7":{"name":"(anonymous_7)","decl":{"start":{"line":55,"column":12},"end":{"line":55,"column":13}},"loc":{"start":{"line":55,"column":18},"end":{"line":57,"column":3}},"line":55},"8":{"name":"(anonymous_8)","decl":{"start":{"line":69,"column":22},"end":{"line":69,"column":23}},"loc":{"start":{"line":69,"column":29},"end":{"line":69,"column":56}},"line":69},"9":{"name":"(anonymous_9)","decl":{"start":{"line":75,"column":22},"end":{"line":75,"column":23}},"loc":{"start":{"line":75,"column":29},"end":{"line":75,"column":58}},"line":75},"10":{"name":"(anonymous_10)","decl":{"start":{"line":82,"column":29},"end":{"line":82,"column":30}},"loc":{"start":{"line":83,"column":12},"end":{"line":90,"column":18}},"line":83},"11":{"name":"(anonymous_11)","decl":{"start":{"line":89,"column":59},"end":{"line":89,"column":60}},"loc":{"start":{"line":89,"column":65},"end":{"line":89,"column":92}},"line":89}},"branchMap":{},"s":{"0":0,"1":0,"2":0,"3":0,"4":0,"5":0,"6":0,"7":0,"8":0,"9":0,"10":0,"11":0,"12":0,"13":0,"14":0,"15":0,"16":0,"17":0,"18":0,"19":0,"20":0,"21":0,"22":0,"23":0,"24":0,"25":0,"26":0,"27":0},"f":{"0":0,"1":0,"2":0,"3":0,"4":0,"5":0,"6":0,"7":0,"8":0,"9":0,"10":0,"11":0},"b":{},"_coverageSchema":"1a1c01bbd47fc00a2c39e90264f33305004495a9","hash":"7d3a71c819170eb8c387ad1ea9673bd5de18ca3b"}
,"/Users/lucasschnee/Desktop/Group7SoftwareProject/client/src/Footer.js": {"path":"/Users/lucasschnee/Desktop/Group7SoftwareProject/client/src/Footer.js","statementMap":{"0":{"start":{"line":5,"column":4},"end":{"line":18,"column":6}}},"fnMap":{"0":{"name":"Footer","decl":{"start":{"line":4,"column":9},"end":{"line":4,"column":15}},"loc":{"start":{"line":4,"column":18},"end":{"line":19,"column":5}},"line":4}},"branchMap":{},"s":{"0":1},"f":{"0":1},"b":{},"_coverageSchema":"1a1c01bbd47fc00a2c39e90264f33305004495a9","hash":"7b5c6da298f4458a6251495995de3180d2325fd3"}
,"/Users/lucasschnee/Desktop/Group7SoftwareProject/client/src/Schedule.js": {"path":"/Users/lucasschnee/Desktop/Group7SoftwareProject/client/src/Schedule.js","statementMap":{"0":{"start":{"line":9,"column":21},"end":{"line":17,"column":5}},"1":{"start":{"line":18,"column":18},"end":{"line":18,"column":248}},"2":{"start":{"line":19,"column":22},"end":{"line":19,"column":73}},"3":{"start":{"line":22,"column":36},"end":{"line":22,"column":48}},"4":{"start":{"line":23,"column":46},"end":{"line":23,"column":58}},"5":{"start":{"line":24,"column":40},"end":{"line":24,"column":52}},"6":{"start":{"line":25,"column":50},"end":{"line":25,"column":62}},"7":{"start":{"line":27,"column":52},"end":{"line":27,"column":64}},"8":{"start":{"line":28,"column":60},"end":{"line":28,"column":72}},"9":{"start":{"line":29,"column":60},"end":{"line":29,"column":72}},"10":{"start":{"line":30,"column":54},"end":{"line":30,"column":66}},"11":{"start":{"line":32,"column":24},"end":{"line":32,"column":36}},"12":{"start":{"line":33,"column":24},"end":{"line":33,"column":36}},"13":{"start":{"line":34,"column":46},"end":{"line":34,"column":85}},"14":{"start":{"line":35,"column":36},"end":{"line":35,"column":75}},"15":{"start":{"line":36,"column":28},"end":{"line":36,"column":70}},"16":{"start":{"line":38,"column":38},"end":{"line":38,"column":50}},"17":{"start":{"line":40,"column":0},"end":{"line":42,"column":6}},"18":{"start":{"line":41,"column":2},"end":{"line":41,"column":18}},"19":{"start":{"line":44,"column":23},"end":{"line":68,"column":1}},"20":{"start":{"line":46,"column":2},"end":{"line":46,"column":43}},"21":{"start":{"line":48,"column":2},"end":{"line":66,"column":5}},"22":{"start":{"line":54,"column":4},"end":{"line":54,"column":63}},"23":{"start":{"line":55,"column":4},"end":{"line":55,"column":27}},"24":{"start":{"line":58,"column":4},"end":{"line":58,"column":26}},"25":{"start":{"line":59,"column":4},"end":{"line":59,"column":44}},"26":{"start":{"line":64,"column":4},"end":{"line":64,"column":26}},"27":{"start":{"line":65,"column":4},"end":{"line":65,"column":41}},"28":{"start":{"line":71,"column":20},"end":{"line":108,"column":1}},"29":{"start":{"line":72,"column":4},"end":{"line":72,"column":27}},"30":{"start":{"line":74,"column":4},"end":{"line":106,"column":7}},"31":{"start":{"line":80,"column":6},"end":{"line":80,"column":65}},"32":{"start":{"line":81,"column":6},"end":{"line":81,"column":29}},"33":{"start":{"line":84,"column":6},"end":{"line":84,"column":48}},"34":{"start":{"line":85,"column":6},"end":{"line":85,"column":42}},"35":{"start":{"line":86,"column":6},"end":{"line":86,"column":50}},"36":{"start":{"line":87,"column":6},"end":{"line":87,"column":50}},"37":{"start":{"line":89,"column":6},"end":{"line":89,"column":44}},"38":{"start":{"line":92,"column":16},"end":{"line":92,"column":18}},"39":{"start":{"line":93,"column":6},"end":{"line":95,"column":7}},"40":{"start":{"line":93,"column":19},"end":{"line":93,"column":20}},"41":{"start":{"line":94,"column":8},"end":{"line":94,"column":23}},"42":{"start":{"line":97,"column":6},"end":{"line":101,"column":7}},"43":{"start":{"line":99,"column":8},"end":{"line":99,"column":44}},"44":{"start":{"line":100,"column":8},"end":{"line":100,"column":46}},"45":{"start":{"line":105,"column":6},"end":{"line":105,"column":43}},"46":{"start":{"line":110,"column":21},"end":{"line":156,"column":1}},"47":{"start":{"line":111,"column":2},"end":{"line":155,"column":3}},"48":{"start":{"line":113,"column":4},"end":{"line":151,"column":5}},"49":{"start":{"line":115,"column":23},"end":{"line":117,"column":8}},"50":{"start":{"line":119,"column":19},"end":{"line":119,"column":40}},"51":{"start":{"line":121,"column":6},"end":{"line":121,"column":39}},"52":{"start":{"line":122,"column":6},"end":{"line":122,"column":47}},"53":{"start":{"line":123,"column":6},"end":{"line":123,"column":47}},"54":{"start":{"line":124,"column":6},"end":{"line":124,"column":41}},"55":{"start":{"line":129,"column":16},"end":{"line":129,"column":18}},"56":{"start":{"line":130,"column":6},"end":{"line":132,"column":7}},"57":{"start":{"line":130,"column":19},"end":{"line":130,"column":20}},"58":{"start":{"line":131,"column":8},"end":{"line":131,"column":24}},"59":{"start":{"line":134,"column":6},"end":{"line":137,"column":7}},"60":{"start":{"line":135,"column":8},"end":{"line":135,"column":41}},"61":{"start":{"line":136,"column":8},"end":{"line":136,"column":43}},"62":{"start":{"line":140,"column":6},"end":{"line":140,"column":50}},"63":{"start":{"line":141,"column":6},"end":{"line":141,"column":55}},"64":{"start":{"line":144,"column":6},"end":{"line":144,"column":49}},"65":{"start":{"line":150,"column":6},"end":{"line":150,"column":70}},"66":{"start":{"line":154,"column":4},"end":{"line":154,"column":43}},"67":{"start":{"line":159,"column":26},"end":{"line":210,"column":1}},"68":{"start":{"line":160,"column":2},"end":{"line":209,"column":3}},"69":{"start":{"line":162,"column":17},"end":{"line":164,"column":8}},"70":{"start":{"line":166,"column":20},"end":{"line":166,"column":37}},"71":{"start":{"line":168,"column":6},"end":{"line":168,"column":40}},"72":{"start":{"line":169,"column":6},"end":{"line":169,"column":42}},"73":{"start":{"line":173,"column":17},"end":{"line":177,"column":5}},"74":{"start":{"line":185,"column":4},"end":{"line":185,"column":32}},"75":{"start":{"line":186,"column":4},"end":{"line":186,"column":34}},"76":{"start":{"line":190,"column":21},"end":{"line":197,"column":6}},"77":{"start":{"line":201,"column":4},"end":{"line":206,"column":5}},"78":{"start":{"line":202,"column":6},"end":{"line":202,"column":21}},"79":{"start":{"line":203,"column":6},"end":{"line":203,"column":41}},"80":{"start":{"line":205,"column":6},"end":{"line":205,"column":39}},"81":{"start":{"line":208,"column":4},"end":{"line":208,"column":43}},"82":{"start":{"line":217,"column":33},"end":{"line":217,"column":53}},"83":{"start":{"line":218,"column":2},"end":{"line":218,"column":57}},"84":{"start":{"line":219,"column":2},"end":{"line":219,"column":45}},"85":{"start":{"line":222,"column":17},"end":{"line":222,"column":23}},"86":{"start":{"line":223,"column":2},"end":{"line":223,"column":28}},"87":{"start":{"line":224,"column":2},"end":{"line":224,"column":21}},"88":{"start":{"line":226,"column":2},"end":{"line":226,"column":39}},"89":{"start":{"line":231,"column":14},"end":{"line":231,"column":16}},"90":{"start":{"line":234,"column":2},"end":{"line":237,"column":3}},"91":{"start":{"line":236,"column":4},"end":{"line":236,"column":10}},"92":{"start":{"line":239,"column":2},"end":{"line":299,"column":3}},"93":{"start":{"line":239,"column":15},"end":{"line":239,"column":16}},"94":{"start":{"line":240,"column":21},"end":{"line":240,"column":28}},"95":{"start":{"line":241,"column":21},"end":{"line":241,"column":61}},"96":{"start":{"line":244,"column":4},"end":{"line":247,"column":5}},"97":{"start":{"line":246,"column":6},"end":{"line":246,"column":13}},"98":{"start":{"line":249,"column":20},"end":{"line":249,"column":55}},"99":{"start":{"line":252,"column":4},"end":{"line":255,"column":5}},"100":{"start":{"line":254,"column":6},"end":{"line":254,"column":12}},"101":{"start":{"line":258,"column":22},"end":{"line":261,"column":5}},"102":{"start":{"line":263,"column":26},"end":{"line":263,"column":52}},"103":{"start":{"line":265,"column":26},"end":{"line":265,"column":27}},"104":{"start":{"line":268,"column":4},"end":{"line":275,"column":5}},"105":{"start":{"line":268,"column":17},"end":{"line":268,"column":18}},"106":{"start":{"line":270,"column":6},"end":{"line":274,"column":7}},"107":{"start":{"line":272,"column":8},"end":{"line":272,"column":27}},"108":{"start":{"line":273,"column":8},"end":{"line":273,"column":13}},"109":{"start":{"line":277,"column":14},"end":{"line":277,"column":51}},"110":{"start":{"line":278,"column":16},"end":{"line":278,"column":71}},"111":{"start":{"line":281,"column":4},"end":{"line":284,"column":5}},"112":{"start":{"line":283,"column":6},"end":{"line":283,"column":14}},"113":{"start":{"line":287,"column":4},"end":{"line":298,"column":6}},"114":{"start":{"line":292,"column":26},"end":{"line":292,"column":49}},"115":{"start":{"line":301,"column":2},"end":{"line":301,"column":15}},"116":{"start":{"line":304,"column":0},"end":{"line":355,"column":2}},"117":{"start":{"line":313,"column":25},"end":{"line":313,"column":54}},"118":{"start":{"line":319,"column":55},"end":{"line":319,"column":89}},"119":{"start":{"line":321,"column":33},"end":{"line":321,"column":89}},"120":{"start":{"line":327,"column":52},"end":{"line":327,"column":83}},"121":{"start":{"line":329,"column":27},"end":{"line":329,"column":74}},"122":{"start":{"line":334,"column":52},"end":{"line":334,"column":88}},"123":{"start":{"line":336,"column":36},"end":{"line":336,"column":98}}},"fnMap":{"0":{"name":"Schedule","decl":{"start":{"line":7,"column":9},"end":{"line":7,"column":17}},"loc":{"start":{"line":7,"column":20},"end":{"line":356,"column":1}},"line":7},"1":{"name":"(anonymous_1)","decl":{"start":{"line":40,"column":10},"end":{"line":40,"column":11}},"loc":{"start":{"line":40,"column":16},"end":{"line":42,"column":1}},"line":40},"2":{"name":"(anonymous_2)","decl":{"start":{"line":44,"column":23},"end":{"line":44,"column":24}},"loc":{"start":{"line":44,"column":35},"end":{"line":68,"column":1}},"line":44},"3":{"name":"(anonymous_3)","decl":{"start":{"line":51,"column":8},"end":{"line":51,"column":9}},"loc":{"start":{"line":51,"column":27},"end":{"line":56,"column":3}},"line":51},"4":{"name":"(anonymous_4)","decl":{"start":{"line":57,"column":8},"end":{"line":57,"column":9}},"loc":{"start":{"line":57,"column":27},"end":{"line":62,"column":3}},"line":57},"5":{"name":"(anonymous_5)","decl":{"start":{"line":63,"column":9},"end":{"line":63,"column":10}},"loc":{"start":{"line":63,"column":25},"end":{"line":66,"column":3}},"line":63},"6":{"name":"(anonymous_6)","decl":{"start":{"line":71,"column":20},"end":{"line":71,"column":21}},"loc":{"start":{"line":71,"column":32},"end":{"line":108,"column":1}},"line":71},"7":{"name":"(anonymous_7)","decl":{"start":{"line":77,"column":10},"end":{"line":77,"column":11}},"loc":{"start":{"line":77,"column":29},"end":{"line":82,"column":5}},"line":77},"8":{"name":"(anonymous_8)","decl":{"start":{"line":83,"column":10},"end":{"line":83,"column":11}},"loc":{"start":{"line":83,"column":29},"end":{"line":103,"column":5}},"line":83},"9":{"name":"(anonymous_9)","decl":{"start":{"line":104,"column":11},"end":{"line":104,"column":12}},"loc":{"start":{"line":104,"column":27},"end":{"line":106,"column":5}},"line":104},"10":{"name":"(anonymous_10)","decl":{"start":{"line":110,"column":21},"end":{"line":110,"column":22}},"loc":{"start":{"line":110,"column":33},"end":{"line":156,"column":1}},"line":110},"11":{"name":"(anonymous_11)","decl":{"start":{"line":159,"column":26},"end":{"line":159,"column":27}},"loc":{"start":{"line":159,"column":38},"end":{"line":210,"column":1}},"line":159},"12":{"name":"handleCheck","decl":{"start":{"line":216,"column":9},"end":{"line":216,"column":20}},"loc":{"start":{"line":216,"column":29},"end":{"line":227,"column":1}},"line":216},"13":{"name":"displayTimes","decl":{"start":{"line":230,"column":9},"end":{"line":230,"column":21}},"loc":{"start":{"line":230,"column":24},"end":{"line":302,"column":1}},"line":230},"14":{"name":"(anonymous_14)","decl":{"start":{"line":292,"column":20},"end":{"line":292,"column":21}},"loc":{"start":{"line":292,"column":26},"end":{"line":292,"column":49}},"line":292},"15":{"name":"(anonymous_15)","decl":{"start":{"line":313,"column":18},"end":{"line":313,"column":19}},"loc":{"start":{"line":313,"column":25},"end":{"line":313,"column":54}},"line":313},"16":{"name":"(anonymous_16)","decl":{"start":{"line":319,"column":48},"end":{"line":319,"column":49}},"loc":{"start":{"line":319,"column":55},"end":{"line":319,"column":89}},"line":319},"17":{"name":"(anonymous_17)","decl":{"start":{"line":321,"column":22},"end":{"line":321,"column":23}},"loc":{"start":{"line":321,"column":33},"end":{"line":321,"column":89}},"line":321},"18":{"name":"(anonymous_18)","decl":{"start":{"line":327,"column":45},"end":{"line":327,"column":46}},"loc":{"start":{"line":327,"column":52},"end":{"line":327,"column":83}},"line":327},"19":{"name":"(anonymous_19)","decl":{"start":{"line":329,"column":19},"end":{"line":329,"column":20}},"loc":{"start":{"line":329,"column":27},"end":{"line":329,"column":74}},"line":329},"20":{"name":"(anonymous_20)","decl":{"start":{"line":334,"column":45},"end":{"line":334,"column":46}},"loc":{"start":{"line":334,"column":52},"end":{"line":334,"column":88}},"line":334},"21":{"name":"(anonymous_21)","decl":{"start":{"line":336,"column":23},"end":{"line":336,"column":24}},"loc":{"start":{"line":336,"column":36},"end":{"line":336,"column":98}},"line":336}},"branchMap":{"0":{"loc":{"start":{"line":97,"column":6},"end":{"line":101,"column":7}},"type":"if","locations":[{"start":{"line":97,"column":6},"end":{"line":101,"column":7}},{"start":{},"end":{}}],"line":97},"1":{"loc":{"start":{"line":113,"column":4},"end":{"line":151,"column":5}},"type":"if","locations":[{"start":{"line":113,"column":4},"end":{"line":151,"column":5}},{"start":{"line":148,"column":11},"end":{"line":151,"column":5}}],"line":113},"2":{"loc":{"start":{"line":134,"column":6},"end":{"line":137,"column":7}},"type":"if","locations":[{"start":{"line":134,"column":6},"end":{"line":137,"column":7}},{"start":{},"end":{}}],"line":134},"3":{"loc":{"start":{"line":201,"column":4},"end":{"line":206,"column":5}},"type":"if","locations":[{"start":{"line":201,"column":4},"end":{"line":206,"column":5}},{"start":{"line":204,"column":11},"end":{"line":206,"column":5}}],"line":201},"4":{"loc":{"start":{"line":234,"column":2},"end":{"line":237,"column":3}},"type":"if","locations":[{"start":{"line":234,"column":2},"end":{"line":237,"column":3}},{"start":{},"end":{}}],"line":234},"5":{"loc":{"start":{"line":234,"column":6},"end":{"line":234,"column":59}},"type":"binary-expr","locations":[{"start":{"line":234,"column":6},"end":{"line":234,"column":23}},{"start":{"line":234,"column":27},"end":{"line":234,"column":59}}],"line":234},"6":{"loc":{"start":{"line":244,"column":4},"end":{"line":247,"column":5}},"type":"if","locations":[{"start":{"line":244,"column":4},"end":{"line":247,"column":5}},{"start":{},"end":{}}],"line":244},"7":{"loc":{"start":{"line":252,"column":4},"end":{"line":255,"column":5}},"type":"if","locations":[{"start":{"line":252,"column":4},"end":{"line":255,"column":5}},{"start":{},"end":{}}],"line":252},"8":{"loc":{"start":{"line":259,"column":13},"end":{"line":259,"column":39}},"type":"cond-expr","locations":[{"start":{"line":259,"column":24},"end":{"line":259,"column":29}},{"start":{"line":259,"column":32},"end":{"line":259,"column":39}}],"line":259},"9":{"loc":{"start":{"line":260,"column":18},"end":{"line":260,"column":46}},"type":"cond-expr","locations":[{"start":{"line":260,"column":29},"end":{"line":260,"column":35}},{"start":{"line":260,"column":38},"end":{"line":260,"column":46}}],"line":260},"10":{"loc":{"start":{"line":263,"column":26},"end":{"line":263,"column":52}},"type":"cond-expr","locations":[{"start":{"line":263,"column":37},"end":{"line":263,"column":42}},{"start":{"line":263,"column":45},"end":{"line":263,"column":52}}],"line":263},"11":{"loc":{"start":{"line":270,"column":6},"end":{"line":274,"column":7}},"type":"if","locations":[{"start":{"line":270,"column":6},"end":{"line":274,"column":7}},{"start":{},"end":{}}],"line":270},"12":{"loc":{"start":{"line":281,"column":4},"end":{"line":284,"column":5}},"type":"if","locations":[{"start":{"line":281,"column":4},"end":{"line":284,"column":5}},{"start":{},"end":{}}],"line":281},"13":{"loc":{"start":{"line":281,"column":8},"end":{"line":281,"column":51}},"type":"binary-expr","locations":[{"start":{"line":281,"column":8},"end":{"line":281,"column":26}},{"start":{"line":281,"column":30},"end":{"line":281,"column":51}}],"line":281},"14":{"loc":{"start":{"line":341,"column":7},"end":{"line":348,"column":14}},"type":"binary-expr","locations":[{"start":{"line":341,"column":7},"end":{"line":341,"column":31}},{"start":{"line":342,"column":8},"end":{"line":348,"column":14}}],"line":341}},"s":{"0":0,"1":0,"2":0,"3":0,"4":0,"5":0,"6":0,"7":0,"8":0,"9":0,"10":0,"11":0,"12":0,"13":0,"14":0,"15":0,"16":0,"17":0,"18":0,"19":0,"20":0,"21":0,"22":0,"23":0,"24":0,"25":0,"26":0,"27":0,"28":0,"29":0,"30":0,"31":0,"32":0,"33":0,"34":0,"35":0,"36":0,"37":0,"38":0,"39":0,"40":0,"41":0,"42":0,"43":0,"44":0,"45":0,"46":0,"47":0,"48":0,"49":0,"50":0,"51":0,"52":0,"53":0,"54":0,"55":0,"56":0,"57":0,"58":0,"59":0,"60":0,"61":0,"62":0,"63":0,"64":0,"65":0,"66":0,"67":0,"68":0,"69":0,"70":0,"71":0,"72":0,"73":0,"74":0,"75":0,"76":0,"77":0,"78":0,"79":0,"80":0,"81":0,"82":0,"83":0,"84":0,"85":0,"86":0,"87":0,"88":0,"89":0,"90":0,"91":0,"92":0,"93":0,"94":0,"95":0,"96":0,"97":0,"98":0,"99":0,"100":0,"101":0,"102":0,"103":0,"104":0,"105":0,"106":0,"107":0,"108":0,"109":0,"110":0,"111":0,"112":0,"113":0,"114":0,"115":0,"116":0,"117":0,"118":0,"119":0,"120":0,"121":0,"122":0,"123":0},"f":{"0":0,"1":0,"2":0,"3":0,"4":0,"5":0,"6":0,"7":0,"8":0,"9":0,"10":0,"11":0,"12":0,"13":0,"14":0,"15":0,"16":0,"17":0,"18":0,"19":0,"20":0,"21":0},"b":{"0":[0,0],"1":[0,0],"2":[0,0],"3":[0,0],"4":[0,0],"5":[0,0],"6":[0,0],"7":[0,0],"8":[0,0],"9":[0,0],"10":[0,0],"11":[0,0],"12":[0,0],"13":[0,0],"14":[0,0]},"_coverageSchema":"1a1c01bbd47fc00a2c39e90264f33305004495a9","hash":"87f84a97caca4732ff819cb96534ed57f0c5d5d4"}
,"/Users/lucasschnee/Desktop/Group7SoftwareProject/client/src/Trainers.js": {"path":"/Users/lucasschnee/Desktop/Group7SoftwareProject/client/src/Trainers.js","statementMap":{"0":{"start":{"line":5,"column":4},"end":{"line":68,"column":6}}},"fnMap":{"0":{"name":"Trainers","decl":{"start":{"line":4,"column":9},"end":{"line":4,"column":17}},"loc":{"start":{"line":4,"column":20},"end":{"line":69,"column":5}},"line":4}},"branchMap":{},"s":{"0":4},"f":{"0":4},"b":{},"_coverageSchema":"1a1c01bbd47fc00a2c39e90264f33305004495a9","hash":"245a7b9e865a45bbb075db1a211999a13ecd30aa"}
,"/Users/lucasschnee/Desktop/Group7SoftwareProject/client/src/firebase.js": {"path":"/Users/lucasschnee/Desktop/Group7SoftwareProject/client/src/firebase.js","statementMap":{"0":{"start":{"line":6,"column":23},"end":{"line":23,"column":1}},"1":{"start":{"line":26,"column":12},"end":{"line":26,"column":41}},"2":{"start":{"line":29,"column":11},"end":{"line":29,"column":28}}},"fnMap":{},"branchMap":{},"s":{"0":1,"1":1,"2":1},"f":{},"b":{},"_coverageSchema":"1a1c01bbd47fc00a2c39e90264f33305004495a9","hash":"f47197ebdaf2781d4e3a8263904085638a92487e"}
,"/Users/lucasschnee/Desktop/Group7SoftwareProject/client/src/index.js": {"path":"/Users/lucasschnee/Desktop/Group7SoftwareProject/client/src/index.js","statementMap":{"0":{"start":{"line":5,"column":0},"end":{"line":10,"column":2}}},"fnMap":{},"branchMap":{},"s":{"0":0},"f":{},"b":{}}
,"/Users/lucasschnee/Desktop/Group7SoftwareProject/client/src/components/Header.js": {"path":"/Users/lucasschnee/Desktop/Group7SoftwareProject/client/src/components/Header.js","statementMap":{"0":{"start":{"line":5,"column":15},"end":{"line":43,"column":1}},"1":{"start":{"line":7,"column":34},"end":{"line":7,"column":46}},"2":{"start":{"line":8,"column":4},"end":{"line":12,"column":11}},"3":{"start":{"line":9,"column":6},"end":{"line":11,"column":42}},"4":{"start":{"line":10,"column":23},"end":{"line":10,"column":33}},"5":{"start":{"line":11,"column":24},"end":{"line":11,"column":40}},"6":{"start":{"line":15,"column":35},"end":{"line":15,"column":47}},"7":{"start":{"line":16,"column":4},"end":{"line":20,"column":11}},"8":{"start":{"line":17,"column":6},"end":{"line":19,"column":39}},"9":{"start":{"line":18,"column":23},"end":{"line":18,"column":33}},"10":{"start":{"line":19,"column":24},"end":{"line":19,"column":37}},"11":{"start":{"line":22,"column":4},"end":{"line":42,"column":5}}},"fnMap":{"0":{"name":"(anonymous_0)","decl":{"start":{"line":5,"column":15},"end":{"line":5,"column":16}},"loc":{"start":{"line":5,"column":21},"end":{"line":43,"column":1}},"line":5},"1":{"name":"(anonymous_1)","decl":{"start":{"line":8,"column":14},"end":{"line":8,"column":15}},"loc":{"start":{"line":8,"column":20},"end":{"line":12,"column":5}},"line":8},"2":{"name":"(anonymous_2)","decl":{"start":{"line":10,"column":14},"end":{"line":10,"column":15}},"loc":{"start":{"line":10,"column":23},"end":{"line":10,"column":33}},"line":10},"3":{"name":"(anonymous_3)","decl":{"start":{"line":11,"column":14},"end":{"line":11,"column":15}},"loc":{"start":{"line":11,"column":24},"end":{"line":11,"column":40}},"line":11},"4":{"name":"(anonymous_4)","decl":{"start":{"line":16,"column":14},"end":{"line":16,"column":15}},"loc":{"start":{"line":16,"column":20},"end":{"line":20,"column":5}},"line":16},"5":{"name":"(anonymous_5)","decl":{"start":{"line":18,"column":14},"end":{"line":18,"column":15}},"loc":{"start":{"line":18,"column":23},"end":{"line":18,"column":33}},"line":18},"6":{"name":"(anonymous_6)","decl":{"start":{"line":19,"column":14},"end":{"line":19,"column":15}},"loc":{"start":{"line":19,"column":24},"end":{"line":19,"column":37}},"line":19}},"branchMap":{},"s":{"0":2,"1":1,"2":1,"3":1,"4":0,"5":0,"6":1,"7":1,"8":1,"9":0,"10":0,"11":1},"f":{"0":1,"1":1,"2":0,"3":0,"4":1,"5":0,"6":0},"b":{},"_coverageSchema":"1a1c01bbd47fc00a2c39e90264f33305004495a9","hash":"cb17cc7b91da23f3d550771e7d947998237b0d86"}
,"/Users/lucasschnee/Desktop/Group7SoftwareProject/client/src/pages/CreateAccount.js": {"path":"/Users/lucasschnee/Desktop/Group7SoftwareProject/client/src/pages/CreateAccount.js","statementMap":{"0":{"start":{"line":10,"column":22},"end":{"line":129,"column":1}},"1":{"start":{"line":13,"column":30},"end":{"line":13,"column":48}},"2":{"start":{"line":14,"column":36},"end":{"line":14,"column":54}},"3":{"start":{"line":15,"column":58},"end":{"line":15,"column":79}},"4":{"start":{"line":16,"column":44},"end":{"line":16,"column":65}},"5":{"start":{"line":18,"column":21},"end":{"line":18,"column":34}},"6":{"start":{"line":20,"column":17},"end":{"line":20,"column":26}},"7":{"start":{"line":28,"column":8},"end":{"line":64,"column":11}},"8":{"start":{"line":32,"column":25},"end":{"line":32,"column":44}},"9":{"start":{"line":35,"column":12},"end":{"line":55,"column":13}},"10":{"start":{"line":44,"column":16},"end":{"line":44,"column":45}},"11":{"start":{"line":46,"column":16},"end":{"line":49,"column":25}},"12":{"start":{"line":48,"column":20},"end":{"line":48,"column":39}},"13":{"start":{"line":52,"column":16},"end":{"line":52,"column":62}},"14":{"start":{"line":53,"column":16},"end":{"line":53,"column":38}},"15":{"start":{"line":60,"column":30},"end":{"line":60,"column":40}},"16":{"start":{"line":61,"column":33},"end":{"line":61,"column":46}},"17":{"start":{"line":62,"column":12},"end":{"line":62,"column":33}},"18":{"start":{"line":69,"column":4},"end":{"line":128,"column":5}},"19":{"start":{"line":81,"column":24},"end":{"line":81,"column":53}},"20":{"start":{"line":97,"column":24},"end":{"line":97,"column":56}},"21":{"start":{"line":106,"column":20},"end":{"line":106,"column":41}}},"fnMap":{"0":{"name":"(anonymous_0)","decl":{"start":{"line":10,"column":22},"end":{"line":10,"column":23}},"loc":{"start":{"line":10,"column":28},"end":{"line":129,"column":1}},"line":10},"1":{"name":"CreateWithFirebase","decl":{"start":{"line":22,"column":13},"end":{"line":22,"column":31}},"loc":{"start":{"line":23,"column":4},"end":{"line":66,"column":5}},"line":23},"2":{"name":"(anonymous_2)","decl":{"start":{"line":29,"column":14},"end":{"line":29,"column":15}},"loc":{"start":{"line":29,"column":34},"end":{"line":58,"column":9}},"line":29},"3":{"name":"(anonymous_3)","decl":{"start":{"line":46,"column":27},"end":{"line":46,"column":28}},"loc":{"start":{"line":46,"column":33},"end":{"line":49,"column":17}},"line":46},"4":{"name":"(anonymous_4)","decl":{"start":{"line":59,"column":15},"end":{"line":59,"column":16}},"loc":{"start":{"line":59,"column":26},"end":{"line":64,"column":9}},"line":59},"5":{"name":"(anonymous_5)","decl":{"start":{"line":80,"column":30},"end":{"line":80,"column":31}},"loc":{"start":{"line":80,"column":41},"end":{"line":82,"column":21}},"line":80},"6":{"name":"(anonymous_6)","decl":{"start":{"line":96,"column":30},"end":{"line":96,"column":31}},"loc":{"start":{"line":96,"column":41},"end":{"line":98,"column":21}},"line":96},"7":{"name":"(anonymous_7)","decl":{"start":{"line":105,"column":25},"end":{"line":105,"column":26}},"loc":{"start":{"line":105,"column":31},"end":{"line":107,"column":17}},"line":105}},"branchMap":{"0":{"loc":{"start":{"line":35,"column":12},"end":{"line":55,"column":13}},"type":"if","locations":[{"start":{"line":35,"column":12},"end":{"line":55,"column":13}},{"start":{"line":51,"column":19},"end":{"line":55,"column":13}}],"line":35},"1":{"loc":{"start":{"line":112,"column":13},"end":{"line":115,"column":21}},"type":"binary-expr","locations":[{"start":{"line":112,"column":13},"end":{"line":112,"column":32}},{"start":{"line":113,"column":16},"end":{"line":115,"column":21}}],"line":112},"2":{"loc":{"start":{"line":117,"column":13},"end":{"line":120,"column":17}},"type":"binary-expr","locations":[{"start":{"line":117,"column":13},"end":{"line":117,"column":25}},{"start":{"line":117,"column":29},"end":{"line":117,"column":62}},{"start":{"line":118,"column":12},"end":{"line":120,"column":17}}],"line":117},"3":{"loc":{"start":{"line":122,"column":13},"end":{"line":125,"column":21}},"type":"binary-expr","locations":[{"start":{"line":122,"column":13},"end":{"line":122,"column":25}},{"start":{"line":122,"column":29},"end":{"line":122,"column":61}},{"start":{"line":123,"column":16},"end":{"line":125,"column":21}}],"line":122}},"s":{"0":3,"1":15,"2":15,"3":15,"4":15,"5":15,"6":15,"7":3,"8":1,"9":1,"10":1,"11":1,"12":1,"13":0,"14":0,"15":1,"16":1,"17":1,"18":15,"19":4,"20":4,"21":3},"f":{"0":15,"1":3,"2":1,"3":1,"4":1,"5":4,"6":4,"7":3},"b":{"0":[1,0],"1":[15,1],"2":[15,1,0],"3":[15,1,1]},"_coverageSchema":"1a1c01bbd47fc00a2c39e90264f33305004495a9","hash":"849e80cd673bba6c38eccc3e86e6dd727deb9321"}
,"/Users/lucasschnee/Desktop/Group7SoftwareProject/client/src/pages/Landing.js": {"path":"/Users/lucasschnee/Desktop/Group7SoftwareProject/client/src/pages/Landing.js","statementMap":{"0":{"start":{"line":4,"column":16},"end":{"line":29,"column":1}},"1":{"start":{"line":6,"column":21},"end":{"line":6,"column":34}},"2":{"start":{"line":11,"column":4},"end":{"line":28,"column":5}},"3":{"start":{"line":23,"column":36},"end":{"line":23,"column":63}}},"fnMap":{"0":{"name":"(anonymous_0)","decl":{"start":{"line":4,"column":16},"end":{"line":4,"column":17}},"loc":{"start":{"line":4,"column":22},"end":{"line":29,"column":1}},"line":4},"1":{"name":"(anonymous_1)","decl":{"start":{"line":23,"column":29},"end":{"line":23,"column":30}},"loc":{"start":{"line":23,"column":35},"end":{"line":23,"column":64}},"line":23}},"branchMap":{},"s":{"0":3,"1":6,"2":5,"3":1},"f":{"0":6,"1":1},"b":{},"_coverageSchema":"1a1c01bbd47fc00a2c39e90264f33305004495a9","hash":"7f1c6c929407ff0c87e059608b1fac04d1717a43"}
,"/Users/lucasschnee/Desktop/Group7SoftwareProject/client/src/pages/Login.js": {"path":"/Users/lucasschnee/Desktop/Group7SoftwareProject/client/src/pages/Login.js","statementMap":{"0":{"start":{"line":12,"column":14},"end":{"line":111,"column":1}},"1":{"start":{"line":14,"column":17},"end":{"line":14,"column":26}},"2":{"start":{"line":16,"column":30},"end":{"line":16,"column":48}},"3":{"start":{"line":17,"column":28},"end":{"line":17,"column":46}},"4":{"start":{"line":18,"column":36},"end":{"line":18,"column":54}},"5":{"start":{"line":19,"column":46},"end":{"line":19,"column":67}},"6":{"start":{"line":20,"column":42},"end":{"line":20,"column":63}},"7":{"start":{"line":22,"column":21},"end":{"line":22,"column":34}},"8":{"start":{"line":24,"column":30},"end":{"line":55,"column":5}},"9":{"start":{"line":34,"column":8},"end":{"line":51,"column":11}},"10":{"start":{"line":37,"column":24},"end":{"line":37,"column":43}},"11":{"start":{"line":38,"column":12},"end":{"line":38,"column":24}},"12":{"start":{"line":39,"column":12},"end":{"line":39,"column":38}},"13":{"start":{"line":43,"column":12},"end":{"line":43,"column":30}},"14":{"start":{"line":48,"column":30},"end":{"line":48,"column":40}},"15":{"start":{"line":49,"column":33},"end":{"line":49,"column":46}},"16":{"start":{"line":50,"column":12},"end":{"line":50,"column":32}},"17":{"start":{"line":59,"column":4},"end":{"line":110,"column":5}},"18":{"start":{"line":71,"column":24},"end":{"line":71,"column":53}},"19":{"start":{"line":84,"column":24},"end":{"line":84,"column":56}},"20":{"start":{"line":93,"column":20},"end":{"line":93,"column":40}}},"fnMap":{"0":{"name":"(anonymous_0)","decl":{"start":{"line":12,"column":14},"end":{"line":12,"column":15}},"loc":{"start":{"line":12,"column":20},"end":{"line":111,"column":1}},"line":12},"1":{"name":"(anonymous_1)","decl":{"start":{"line":24,"column":30},"end":{"line":24,"column":31}},"loc":{"start":{"line":24,"column":42},"end":{"line":55,"column":5}},"line":24},"2":{"name":"(anonymous_2)","decl":{"start":{"line":35,"column":14},"end":{"line":35,"column":15}},"loc":{"start":{"line":35,"column":34},"end":{"line":46,"column":9}},"line":35},"3":{"name":"(anonymous_3)","decl":{"start":{"line":47,"column":15},"end":{"line":47,"column":16}},"loc":{"start":{"line":47,"column":26},"end":{"line":51,"column":9}},"line":47},"4":{"name":"(anonymous_4)","decl":{"start":{"line":70,"column":30},"end":{"line":70,"column":31}},"loc":{"start":{"line":70,"column":41},"end":{"line":72,"column":21}},"line":70},"5":{"name":"(anonymous_5)","decl":{"start":{"line":83,"column":30},"end":{"line":83,"column":31}},"loc":{"start":{"line":83,"column":41},"end":{"line":85,"column":21}},"line":83},"6":{"name":"(anonymous_6)","decl":{"start":{"line":92,"column":25},"end":{"line":92,"column":26}},"loc":{"start":{"line":92,"column":31},"end":{"line":94,"column":17}},"line":92}},"branchMap":{"0":{"loc":{"start":{"line":98,"column":13},"end":{"line":101,"column":21}},"type":"binary-expr","locations":[{"start":{"line":98,"column":13},"end":{"line":98,"column":22}},{"start":{"line":99,"column":16},"end":{"line":101,"column":21}}],"line":98},"1":{"loc":{"start":{"line":103,"column":13},"end":{"line":106,"column":21}},"type":"binary-expr","locations":[{"start":{"line":103,"column":13},"end":{"line":103,"column":24}},{"start":{"line":104,"column":16},"end":{"line":106,"column":21}}],"line":103}},"s":{"0":2,"1":0,"2":0,"3":0,"4":0,"5":0,"6":0,"7":0,"8":0,"9":0,"10":0,"11":0,"12":0,"13":0,"14":0,"15":0,"16":0,"17":0,"18":0,"19":0,"20":0},"f":{"0":0,"1":0,"2":0,"3":0,"4":0,"5":0,"6":0},"b":{"0":[0,0],"1":[0,0]},"_coverageSchema":"1a1c01bbd47fc00a2c39e90264f33305004495a9","hash":"c731981495787232903aafb3d0a7172689979d45"}
,"/Users/lucasschnee/Desktop/Group7SoftwareProject/client/src/pages/Profile.js": {"path":"/Users/lucasschnee/Desktop/Group7SoftwareProject/client/src/pages/Profile.js","statementMap":{"0":{"start":{"line":8,"column":16},"end":{"line":22,"column":1}},"1":{"start":{"line":10,"column":35},"end":{"line":10,"column":53}},"2":{"start":{"line":16,"column":4},"end":{"line":21,"column":5}}},"fnMap":{"0":{"name":"(anonymous_0)","decl":{"start":{"line":8,"column":16},"end":{"line":8,"column":17}},"loc":{"start":{"line":8,"column":22},"end":{"line":22,"column":1}},"line":8}},"branchMap":{},"s":{"0":2,"1":5,"2":5},"f":{"0":5},"b":{},"_coverageSchema":"1a1c01bbd47fc00a2c39e90264f33305004495a9","hash":"7d3049586ee3762d2f8ac619d60816893e635903"}
}
