TN:
SF:src/About.js
FN:5,About
FNF:1
FNH:1
FNDA:1,About
DA:6,1
LF:1
LH:1
BRF:0
BRH:0
end_of_record
TN:
SF:src/App.js
FN:48,App
FNF:1
FNH:1
FNDA:2,App
DA:22,3
DA:44,3
DA:45,3
DA:46,3
DA:50,2
LF:5
LH:5
BRF:0
BRH:0
end_of_record
TN:
SF:src/Discussion.js
FN:7,Discussion
FN:16,(anonymous_1)
FN:29,(anonymous_2)
FN:36,(anonymous_3)
FN:38,(anonymous_4)
FN:43,(anonymous_5)
FN:47,(anonymous_6)
FN:55,(anonymous_7)
FN:69,(anonymous_8)
FN:75,(anonymous_9)
FN:82,(anonymous_10)
FN:89,(anonymous_11)
FNF:12
FNH:0
FNDA:0,Discussion
FNDA:0,(anonymous_1)
FNDA:0,(anonymous_2)
FNDA:0,(anonymous_3)
FNDA:0,(anonymous_4)
FNDA:0,(anonymous_5)
FNDA:0,(anonymous_6)
FNDA:0,(anonymous_7)
FNDA:0,(anonymous_8)
FNDA:0,(anonymous_9)
FNDA:0,(anonymous_10)
FNDA:0,(anonymous_11)
DA:8,0
DA:9,0
DA:10,0
DA:13,0
DA:16,0
DA:17,0
DA:23,0
DA:24,0
DA:25,0
DA:29,0
DA:30,0
DA:31,0
DA:32,0
DA:36,0
DA:37,0
DA:38,0
DA:43,0
DA:47,0
DA:48,0
DA:55,0
DA:56,0
DA:59,0
DA:69,0
DA:75,0
DA:83,0
DA:89,0
LF:26
LH:0
BRF:0
BRH:0
end_of_record
TN:
SF:src/Footer.js
FN:4,Footer
FNF:1
FNH:1
FNDA:8,Footer
DA:5,8
LF:1
LH:1
BRF:0
BRH:0
end_of_record
TN:
SF:src/Schedule.js
FN:7,Schedule
FN:40,(anonymous_1)
FN:44,(anonymous_2)
FN:51,(anonymous_3)
FN:57,(anonymous_4)
FN:63,(anonymous_5)
FN:71,(anonymous_6)
FN:77,(anonymous_7)
FN:83,(anonymous_8)
FN:104,(anonymous_9)
FN:110,(anonymous_10)
FN:160,(anonymous_11)
FN:217,handleCheck
FN:231,displayTimes
FN:298,(anonymous_14)
FN:319,(anonymous_15)
FN:325,(anonymous_16)
FN:327,(anonymous_17)
FN:333,(anonymous_18)
FN:335,(anonymous_19)
FN:340,(anonymous_20)
FN:342,(anonymous_21)
FNF:22
FNH:9
FNDA:7,Schedule
FNDA:6,(anonymous_1)
FNDA:6,(anonymous_2)
FNDA:5,(anonymous_3)
FNDA:5,(anonymous_4)
FNDA:1,(anonymous_5)
FNDA:0,(anonymous_6)
FNDA:0,(anonymous_7)
FNDA:0,(anonymous_8)
FNDA:0,(anonymous_9)
FNDA:0,(anonymous_10)
FNDA:0,(anonymous_11)
FNDA:0,handleCheck
FNDA:0,displayTimes
FNDA:0,(anonymous_14)
FNDA:0,(anonymous_15)
FNDA:0,(anonymous_16)
FNDA:49,(anonymous_17)
FNDA:0,(anonymous_18)
FNDA:84,(anonymous_19)
FNDA:0,(anonymous_20)
FNDA:35,(anonymous_21)
DA:9,7
DA:18,7
DA:19,7
DA:22,7
DA:23,7
DA:24,7
DA:25,7
DA:27,7
DA:28,7
DA:29,7
DA:30,7
DA:32,7
DA:33,7
DA:34,7
DA:35,7
DA:36,7
DA:38,7
DA:40,7
DA:41,6
DA:44,7
DA:46,6
DA:48,6
DA:54,5
DA:55,5
DA:58,5
DA:59,5
DA:64,1
DA:65,1
DA:71,7
DA:72,0
DA:74,0
DA:80,0
DA:81,0
DA:84,0
DA:85,0
DA:86,0
DA:87,0
DA:89,0
DA:92,0
DA:93,0
DA:94,0
DA:97,0
DA:99,0
DA:100,0
DA:105,0
DA:110,7
DA:111,0
DA:113,0
DA:115,0
DA:119,0
DA:121,0
DA:122,0
DA:123,0
DA:124,0
DA:129,0
DA:130,0
DA:131,0
DA:134,0
DA:135,0
DA:136,0
DA:140,0
DA:141,0
DA:144,0
DA:150,0
DA:155,0
DA:160,7
DA:161,0
DA:163,0
DA:167,0
DA:169,0
DA:170,0
DA:174,0
DA:186,0
DA:187,0
DA:191,0
DA:202,0
DA:203,0
DA:204,0
DA:206,0
DA:209,0
DA:218,0
DA:219,0
DA:220,0
DA:223,0
DA:224,0
DA:225,0
DA:227,0
DA:232,0
DA:235,0
DA:237,0
DA:240,0
DA:241,0
DA:242,0
DA:245,0
DA:247,0
DA:250,0
DA:253,0
DA:255,0
DA:259,0
DA:264,0
DA:266,0
DA:269,0
DA:271,0
DA:273,0
DA:274,0
DA:278,0
DA:279,0
DA:282,0
DA:284,0
DA:288,0
DA:290,0
DA:293,0
DA:298,0
DA:307,0
DA:310,7
DA:319,0
DA:325,0
DA:327,49
DA:333,0
DA:335,84
DA:340,0
DA:342,35
LF:122
LH:35
BRDA:97,0,0,0
BRDA:97,0,1,0
BRDA:113,1,0,0
BRDA:113,1,1,0
BRDA:134,2,0,0
BRDA:134,2,1,0
BRDA:202,3,0,0
BRDA:202,3,1,0
BRDA:235,4,0,0
BRDA:235,4,1,0
BRDA:235,5,0,0
BRDA:235,5,1,0
BRDA:245,6,0,0
BRDA:245,6,1,0
BRDA:253,7,0,0
BRDA:253,7,1,0
BRDA:260,8,0,0
BRDA:260,8,1,0
BRDA:261,9,0,0
BRDA:261,9,1,0
BRDA:264,10,0,0
BRDA:264,10,1,0
BRDA:271,11,0,0
BRDA:271,11,1,0
BRDA:282,12,0,0
BRDA:282,12,1,0
BRDA:282,13,0,0
BRDA:282,13,1,0
BRDA:288,14,0,0
BRDA:288,14,1,0
BRDA:288,15,0,0
BRDA:288,15,1,0
BRDA:347,16,0,7
BRDA:347,16,1,0
BRF:34
BRH:1
end_of_record
TN:
SF:src/Trainers.js
FN:4,Trainers
FNF:1
FNH:1
FNDA:4,Trainers
DA:5,4
LF:1
LH:1
BRF:0
BRH:0
end_of_record
TN:
SF:src/firebase.js
FNF:0
FNH:0
DA:6,1
DA:26,1
DA:29,1
LF:3
LH:3
BRF:0
BRH:0
end_of_record
TN:
SF:src/index.js
FNF:0
FNH:0
DA:5,1
LF:1
LH:1
BRF:0
BRH:0
end_of_record
TN:
SF:src/components/Header.js
FN:5,(anonymous_0)
FN:8,(anonymous_1)
FN:10,(anonymous_2)
FN:11,(anonymous_3)
FN:16,(anonymous_4)
FN:18,(anonymous_5)
FN:19,(anonymous_6)
FNF:7
FNH:7
FNDA:4,(anonymous_0)
FNDA:3,(anonymous_1)
FNDA:1,(anonymous_2)
FNDA:1,(anonymous_3)
FNDA:2,(anonymous_4)
FNDA:1,(anonymous_5)
FNDA:1,(anonymous_6)
DA:5,4
DA:7,4
DA:8,3
DA:9,3
DA:10,1
DA:11,1
DA:15,3
DA:16,3
DA:17,2
DA:18,1
DA:19,1
DA:22,3
LF:12
LH:12
BRF:0
BRH:0
end_of_record
TN:
SF:src/pages/CreateAccount.js
FN:10,(anonymous_0)
FN:22,CreateWithFirebase
FN:29,(anonymous_2)
FN:46,(anonymous_3)
FN:59,(anonymous_4)
FN:80,(anonymous_5)
FN:96,(anonymous_6)
FN:105,(anonymous_7)
FNF:8
FNH:8
FNDA:15,(anonymous_0)
FNDA:3,CreateWithFirebase
FNDA:1,(anonymous_2)
FNDA:1,(anonymous_3)
FNDA:1,(anonymous_4)
FNDA:4,(anonymous_5)
FNDA:4,(anonymous_6)
FNDA:3,(anonymous_7)
DA:10,4
DA:13,15
DA:14,15
DA:15,15
DA:16,15
DA:18,15
DA:20,15
DA:28,3
DA:32,1
DA:35,1
DA:44,1
DA:46,1
DA:48,1
DA:52,0
DA:53,0
DA:60,1
DA:61,1
DA:62,1
DA:69,15
DA:81,4
DA:97,4
DA:106,3
LF:22
LH:20
BRDA:35,0,0,1
BRDA:35,0,1,0
BRDA:112,1,0,15
BRDA:112,1,1,1
BRDA:117,2,0,15
BRDA:117,2,1,1
BRDA:117,2,2,0
BRDA:122,3,0,15
BRDA:122,3,1,1
BRDA:122,3,2,1
BRF:10
BRH:8
end_of_record
TN:
SF:src/pages/Landing.js
FN:4,(anonymous_0)
FN:23,(anonymous_1)
FNF:2
FNH:2
FNDA:6,(anonymous_0)
FNDA:1,(anonymous_1)
DA:4,4
DA:6,6
DA:11,5
DA:23,1
LF:4
LH:4
BRF:0
BRH:0
end_of_record
TN:
SF:src/pages/Login.js
FN:12,(anonymous_0)
FN:24,(anonymous_1)
FN:35,(anonymous_2)
FN:47,(anonymous_3)
FN:70,(anonymous_4)
FN:83,(anonymous_5)
FN:92,(anonymous_6)
FNF:7
FNH:7
FNDA:12,(anonymous_0)
FNDA:2,(anonymous_1)
FNDA:1,(anonymous_2)
FNDA:1,(anonymous_3)
FNDA:3,(anonymous_4)
FNDA:3,(anonymous_5)
FNDA:2,(anonymous_6)
DA:12,4
DA:14,12
DA:16,12
DA:17,12
DA:18,12
DA:19,12
DA:20,12
DA:22,12
DA:24,12
DA:34,2
DA:37,1
DA:38,1
DA:39,1
DA:43,1
DA:48,1
DA:49,1
DA:50,1
DA:59,12
DA:71,3
DA:84,3
DA:93,2
LF:21
LH:21
BRDA:98,0,0,12
BRDA:98,0,1,1
BRDA:103,1,0,12
BRDA:103,1,1,1
BRF:4
BRH:4
end_of_record
TN:
SF:src/pages/Profile.js
FN:8,(anonymous_0)
FNF:1
FNH:1
FNDA:5,(anonymous_0)
DA:8,3
DA:10,5
DA:16,5
LF:3
LH:3
BRF:0
BRH:0
end_of_record
