TN:
SF:src/About.js
FN:5,About
FNF:1
FNH:1
FNDA:1,About
DA:6,1
LF:1
LH:1
BRF:0
BRH:0
end_of_record
TN:
SF:src/App.js
FN:48,App
FNF:1
FNH:1
FNDA:2,App
DA:22,2
DA:44,2
DA:45,2
DA:46,2
DA:50,2
LF:5
LH:5
BRF:0
BRH:0
end_of_record
TN:
SF:src/Discussion.js
FN:7,Discussion
FN:16,(anonymous_1)
FN:29,(anonymous_2)
FN:36,(anonymous_3)
FN:38,(anonymous_4)
FN:43,(anonymous_5)
FN:47,(anonymous_6)
FN:55,(anonymous_7)
FN:69,(anonymous_8)
FN:75,(anonymous_9)
FN:82,(anonymous_10)
FN:89,(anonymous_11)
FNF:12
FNH:0
FNDA:0,Discussion
FNDA:0,(anonymous_1)
FNDA:0,(anonymous_2)
FNDA:0,(anonymous_3)
FNDA:0,(anonymous_4)
FNDA:0,(anonymous_5)
FNDA:0,(anonymous_6)
FNDA:0,(anonymous_7)
FNDA:0,(anonymous_8)
FNDA:0,(anonymous_9)
FNDA:0,(anonymous_10)
FNDA:0,(anonymous_11)
DA:8,0
DA:9,0
DA:10,0
DA:13,0
DA:16,0
DA:17,0
DA:23,0
DA:24,0
DA:25,0
DA:29,0
DA:30,0
DA:31,0
DA:32,0
DA:36,0
DA:37,0
DA:38,0
DA:43,0
DA:47,0
DA:48,0
DA:55,0
DA:56,0
DA:59,0
DA:69,0
DA:75,0
DA:83,0
DA:89,0
LF:26
LH:0
BRF:0
BRH:0
end_of_record
TN:
SF:src/Footer.js
FN:4,Footer
FNF:1
FNH:1
FNDA:1,Footer
DA:5,1
LF:1
LH:1
BRF:0
BRH:0
end_of_record
TN:
SF:src/Schedule.js
FN:7,Schedule
FN:40,(anonymous_1)
FN:44,(anonymous_2)
FN:51,(anonymous_3)
FN:57,(anonymous_4)
FN:63,(anonymous_5)
FN:71,(anonymous_6)
FN:77,(anonymous_7)
FN:83,(anonymous_8)
FN:104,(anonymous_9)
FN:110,(anonymous_10)
FN:159,(anonymous_11)
FN:216,handleCheck
FN:230,displayTimes
FN:292,(anonymous_14)
FN:313,(anonymous_15)
FN:319,(anonymous_16)
FN:321,(anonymous_17)
FN:327,(anonymous_18)
FN:329,(anonymous_19)
FN:334,(anonymous_20)
FN:336,(anonymous_21)
FNF:22
FNH:0
FNDA:0,Schedule
FNDA:0,(anonymous_1)
FNDA:0,(anonymous_2)
FNDA:0,(anonymous_3)
FNDA:0,(anonymous_4)
FNDA:0,(anonymous_5)
FNDA:0,(anonymous_6)
FNDA:0,(anonymous_7)
FNDA:0,(anonymous_8)
FNDA:0,(anonymous_9)
FNDA:0,(anonymous_10)
FNDA:0,(anonymous_11)
FNDA:0,handleCheck
FNDA:0,displayTimes
FNDA:0,(anonymous_14)
FNDA:0,(anonymous_15)
FNDA:0,(anonymous_16)
FNDA:0,(anonymous_17)
FNDA:0,(anonymous_18)
FNDA:0,(anonymous_19)
FNDA:0,(anonymous_20)
FNDA:0,(anonymous_21)
DA:9,0
DA:18,0
DA:19,0
DA:22,0
DA:23,0
DA:24,0
DA:25,0
DA:27,0
DA:28,0
DA:29,0
DA:30,0
DA:32,0
DA:33,0
DA:34,0
DA:35,0
DA:36,0
DA:38,0
DA:40,0
DA:41,0
DA:44,0
DA:46,0
DA:48,0
DA:54,0
DA:55,0
DA:58,0
DA:59,0
DA:64,0
DA:65,0
DA:71,0
DA:72,0
DA:74,0
DA:80,0
DA:81,0
DA:84,0
DA:85,0
DA:86,0
DA:87,0
DA:89,0
DA:92,0
DA:93,0
DA:94,0
DA:97,0
DA:99,0
DA:100,0
DA:105,0
DA:110,0
DA:111,0
DA:113,0
DA:115,0
DA:119,0
DA:121,0
DA:122,0
DA:123,0
DA:124,0
DA:129,0
DA:130,0
DA:131,0
DA:134,0
DA:135,0
DA:136,0
DA:140,0
DA:141,0
DA:144,0
DA:150,0
DA:154,0
DA:159,0
DA:160,0
DA:162,0
DA:166,0
DA:168,0
DA:169,0
DA:173,0
DA:185,0
DA:186,0
DA:190,0
DA:201,0
DA:202,0
DA:203,0
DA:205,0
DA:208,0
DA:217,0
DA:218,0
DA:219,0
DA:222,0
DA:223,0
DA:224,0
DA:226,0
DA:231,0
DA:234,0
DA:236,0
DA:239,0
DA:240,0
DA:241,0
DA:244,0
DA:246,0
DA:249,0
DA:252,0
DA:254,0
DA:258,0
DA:263,0
DA:265,0
DA:268,0
DA:270,0
DA:272,0
DA:273,0
DA:277,0
DA:278,0
DA:281,0
DA:283,0
DA:287,0
DA:292,0
DA:301,0
DA:304,0
DA:313,0
DA:319,0
DA:321,0
DA:327,0
DA:329,0
DA:334,0
DA:336,0
LF:120
LH:0
BRDA:97,0,0,0
BRDA:97,0,1,0
BRDA:113,1,0,0
BRDA:113,1,1,0
BRDA:134,2,0,0
BRDA:134,2,1,0
BRDA:201,3,0,0
BRDA:201,3,1,0
BRDA:234,4,0,0
BRDA:234,4,1,0
BRDA:234,5,0,0
BRDA:234,5,1,0
BRDA:244,6,0,0
BRDA:244,6,1,0
BRDA:252,7,0,0
BRDA:252,7,1,0
BRDA:259,8,0,0
BRDA:259,8,1,0
BRDA:260,9,0,0
BRDA:260,9,1,0
BRDA:263,10,0,0
BRDA:263,10,1,0
BRDA:270,11,0,0
BRDA:270,11,1,0
BRDA:281,12,0,0
BRDA:281,12,1,0
BRDA:281,13,0,0
BRDA:281,13,1,0
BRDA:341,14,0,0
BRDA:341,14,1,0
BRF:30
BRH:0
end_of_record
TN:
SF:src/Trainers.js
FN:4,Trainers
FNF:1
FNH:1
FNDA:4,Trainers
DA:5,4
LF:1
LH:1
BRF:0
BRH:0
end_of_record
TN:
SF:src/firebase.js
FNF:0
FNH:0
DA:6,1
DA:26,1
DA:29,1
LF:3
LH:3
BRF:0
BRH:0
end_of_record
TN:
SF:src/index.js
FNF:0
FNH:0
DA:5,0
LF:1
LH:0
BRF:0
BRH:0
end_of_record
TN:
SF:src/components/Header.js
FN:5,(anonymous_0)
FN:8,(anonymous_1)
FN:10,(anonymous_2)
FN:11,(anonymous_3)
FN:16,(anonymous_4)
FN:18,(anonymous_5)
FN:19,(anonymous_6)
FNF:7
FNH:3
FNDA:1,(anonymous_0)
FNDA:1,(anonymous_1)
FNDA:0,(anonymous_2)
FNDA:0,(anonymous_3)
FNDA:1,(anonymous_4)
FNDA:0,(anonymous_5)
FNDA:0,(anonymous_6)
DA:5,2
DA:7,1
DA:8,1
DA:9,1
DA:10,0
DA:11,0
DA:15,1
DA:16,1
DA:17,1
DA:18,0
DA:19,0
DA:22,1
LF:12
LH:8
BRF:0
BRH:0
end_of_record
TN:
SF:src/pages/CreateAccount.js
FN:10,(anonymous_0)
FN:22,CreateWithFirebase
FN:29,(anonymous_2)
FN:46,(anonymous_3)
FN:59,(anonymous_4)
FN:80,(anonymous_5)
FN:96,(anonymous_6)
FN:105,(anonymous_7)
FNF:8
FNH:8
FNDA:15,(anonymous_0)
FNDA:3,CreateWithFirebase
FNDA:1,(anonymous_2)
FNDA:1,(anonymous_3)
FNDA:1,(anonymous_4)
FNDA:4,(anonymous_5)
FNDA:4,(anonymous_6)
FNDA:3,(anonymous_7)
DA:10,3
DA:13,15
DA:14,15
DA:15,15
DA:16,15
DA:18,15
DA:20,15
DA:28,3
DA:32,1
DA:35,1
DA:44,1
DA:46,1
DA:48,1
DA:52,0
DA:53,0
DA:60,1
DA:61,1
DA:62,1
DA:69,15
DA:81,4
DA:97,4
DA:106,3
LF:22
LH:20
BRDA:35,0,0,1
BRDA:35,0,1,0
BRDA:112,1,0,15
BRDA:112,1,1,1
BRDA:117,2,0,15
BRDA:117,2,1,1
BRDA:117,2,2,0
BRDA:122,3,0,15
BRDA:122,3,1,1
BRDA:122,3,2,1
BRF:10
BRH:8
end_of_record
TN:
SF:src/pages/Landing.js
FN:4,(anonymous_0)
FN:23,(anonymous_1)
FNF:2
FNH:2
FNDA:6,(anonymous_0)
FNDA:1,(anonymous_1)
DA:4,3
DA:6,6
DA:11,5
DA:23,1
LF:4
LH:4
BRF:0
BRH:0
end_of_record
TN:
SF:src/pages/Login.js
FN:12,(anonymous_0)
FN:24,(anonymous_1)
FN:35,(anonymous_2)
FN:47,(anonymous_3)
FN:70,(anonymous_4)
FN:83,(anonymous_5)
FN:92,(anonymous_6)
FNF:7
FNH:0
FNDA:0,(anonymous_0)
FNDA:0,(anonymous_1)
FNDA:0,(anonymous_2)
FNDA:0,(anonymous_3)
FNDA:0,(anonymous_4)
FNDA:0,(anonymous_5)
FNDA:0,(anonymous_6)
DA:12,2
DA:14,0
DA:16,0
DA:17,0
DA:18,0
DA:19,0
DA:20,0
DA:22,0
DA:24,0
DA:34,0
DA:37,0
DA:38,0
DA:39,0
DA:43,0
DA:48,0
DA:49,0
DA:50,0
DA:59,0
DA:71,0
DA:84,0
DA:93,0
LF:21
LH:1
BRDA:98,0,0,0
BRDA:98,0,1,0
BRDA:103,1,0,0
BRDA:103,1,1,0
BRF:4
BRH:0
end_of_record
TN:
SF:src/pages/Profile.js
FN:8,(anonymous_0)
FNF:1
FNH:1
FNDA:5,(anonymous_0)
DA:8,2
DA:10,5
DA:16,5
LF:3
LH:3
BRF:0
BRH:0
end_of_record
